<?xml version="1.0" encoding="UTF-8"?>
<testng-results ignored="0" total="2" passed="2" failed="0" skipped="0">
  <reporter-output>
  </reporter-output>
  <suite started-at="2023-06-16T23:21:42 IST" name="Suite" finished-at="2023-06-16T23:22:22 IST" duration-ms="40253">
    <groups>
    </groups>
    <test started-at="2023-06-16T23:21:42 IST" name="Test" finished-at="2023-06-16T23:22:22 IST" duration-ms="40253">
      <class name="TestCases.VerifySignUp">
        <test-method is-config="true" signature="launchUrl()[pri:0, instance:TestCases.VerifySignUp@619713e5]" started-at="2023-06-16T23:21:42 IST" name="launchUrl" finished-at="2023-06-16T23:21:48 IST" duration-ms="6586" status="PASS">
          <reporter-output>
          </reporter-output>
        </test-method> <!-- launchUrl -->
        <test-method signature="signUp()[pri:0, instance:TestCases.VerifySignUp@619713e5]" started-at="2023-06-16T23:21:48 IST" name="signUp" finished-at="2023-06-16T23:22:15 IST" duration-ms="27049" status="PASS">
          <reporter-output>
          </reporter-output>
        </test-method> <!-- signUp -->
      </class> <!-- TestCases.VerifySignUp -->
      <class name="TestCases.VerifyLogin">
        <test-method is-config="true" signature="launchUrl()[pri:0, instance:TestCases.VerifyLogin@1a451d4d]" started-at="2023-06-16T23:22:15 IST" name="launchUrl" finished-at="2023-06-16T23:22:20 IST" duration-ms="4694" status="PASS">
          <reporter-output>
          </reporter-output>
        </test-method> <!-- launchUrl -->
        <test-method signature="login()[pri:0, instance:TestCases.VerifyLogin@1a451d4d]" started-at="2023-06-16T23:22:20 IST" name="login" finished-at="2023-06-16T23:22:22 IST" duration-ms="1860" status="PASS">
          <reporter-output>
          </reporter-output>
        </test-method> <!-- login -->
      </class> <!-- TestCases.VerifyLogin -->
    </test> <!-- Test -->
  </suite> <!-- Suite -->
</testng-results>
